INFO [07-11|12:12:03.598] Starting pprof server                    addr=http://0.0.0.0:9545/debug/pprof
INFO [07-11|12:12:03.627] Enabling metrics collection 
INFO [07-11|12:12:03.637] Maximum peer count                       ETH=50 LES=0 total=50
INFO [07-11|12:12:03.638] Smartcard socket not found, disabling    err="stat /run/pcscd/pcscd.comm: no such file or directory"
WARN [07-11|12:12:03.639] Found deprecated node list file /data/static-nodes.json, please use the TOML config file instead. 
INFO [07-11|12:12:03.640] Enabling recording of key preimages since archive mode is used 
INFO [07-11|12:12:03.640] Set global gas cap                       cap=25,000,000
INFO [07-11|12:12:03.640] Running with private transaction manager disabled - quorum private transactions will not be supported 
WARN [07-11|12:12:03.641] Sanitizing invalid miner gas price       provided=0 updated=0
INFO [07-11|12:12:03.641] Allocated trie memory caches             clean=154.00MiB dirty=256.00MiB
INFO [07-11|12:12:03.641] Allocated cache and file handles         database=/data/geth/chaindata cache=768.00MiB handles=262,144
INFO [07-11|12:12:03.795] IPC endpoint opened                      url=/data/geth.ipc isMultitenant=false
INFO [07-11|12:12:03.795] Security Plugin is not enabled 
INFO [07-11|12:12:03.797] Security: TLS not enabled                endpoint=0.0.0.0:8545 reason="no TLSConfigurationSource found"
INFO [07-11|12:12:03.798] Security: TLS not enabled                endpoint=0.0.0.0:8546 reason="no TLSConfigurationSource found"
INFO [07-11|12:12:03.798] WebSocket enabled                        url=ws://[::]:8546
INFO [07-11|12:12:07.142] Imported new chain segment               blocks=1 txs=0 mgas=0.000 elapsed=2.764ms mgasps=0.000 number=1 hash=afbe5c..466018 dirty=0.00B
INFO [07-11|12:12:07.367] Unlocked account                         address=0xf48dE4A0C2939E62891F3C6ACA68982975477E45
WARN [07-11|12:12:07.367] permission-config.json file is missing. Smart-contract-based permission service will be disabled error="stat /data/permission-config.json: no such file or directory"
INFO [07-11|12:12:07.367] Transaction pool price threshold not updated as gasPrice is not enabled 
INFO [07-11|12:12:07.367] Transaction pool price threshold not updated as gasPrice is not enabled 
INFO [07-11|12:12:07.367] start QBFT 
INFO [07-11|12:12:07.367] BFT: activate QBFT 
INFO [07-11|12:12:07.367] QBFT: start                              address=0x98C1334496614aED49d2E81526D089f7264fED9C
INFO [07-11|12:12:07.367] QBFT: initialize new round               address=0x98C1334496614aED49d2E81526D089f7264fED9C old.round=-1 old.seq=0 target.round=0 lastProposal.number=1 lastProposal.hash=afbe5c..466018
INFO [07-11|12:12:07.367] QBFT: start new round                    address=0x98C1334496614aED49d2E81526D089f7264fED9C old.round=-1 old.seq=0 next.round=0 next.seq=2 next.proposer=0x93917cADBace5dFCE132B991732c6Cda9bcC5B8a next.valSet="[0x27A97C9AaF04f18f3014c32e036dD0Ac76Da5f18 0x93917cADBace5dFCE132B991732c6Cda9bcC5B8a 0x98C1334496614aED49d2E81526D089f7264fED9C 0xcE412f988377e31F4d0fF12d74df73B51C42d0cA]" next.size=4 next.IsProposer=false
INFO [07-11|12:12:07.368] Commit new mining work                   number=2 sealhash=30c957..670cfe uncles=0 txs=0 gas=0 fees=0 elapsed="270.684µs"
INFO [07-11|12:12:10.522] Ethereum protocol stopped 
INFO [07-11|12:12:10.522] Transaction pool stopped 
INFO [07-11|12:12:10.523] Writing cached state to disk             block=1 hash=afbe5c..466018 root=d7d9af..f2e575
INFO [07-11|12:12:10.523] Persisted trie from memory database      nodes=0 size=0.00B time="18.077µs" gcnodes=0 gcsize=0.00B gctime=0s livenodes=1 livesize=0.00B
INFO [07-11|12:12:10.523] Writing snapshot state to disk           root=d7d9af..f2e575
INFO [07-11|12:12:10.523] Persisted trie from memory database      nodes=0 size=0.00B time="7.336µs"  gcnodes=0 gcsize=0.00B gctime=0s livenodes=1 livesize=0.00B
INFO [07-11|12:12:10.523] Writing clean trie cache to disk         path=/data/geth/triecache threads=4
INFO [07-11|12:12:10.528] Persisted the clean trie cache           path=/data/geth/triecache elapsed=4.411ms
INFO [07-11|12:12:10.528] Blockchain stopped 
