INFO [07-11|12:12:03.197] Maximum peer count                       ETH=50 LES=0 total=50
INFO [07-11|12:12:03.197] Smartcard socket not found, disabling    err="stat /run/pcscd/pcscd.comm: no such file or directory"
WARN [07-11|12:12:03.213] Found deprecated node list file /data/static-nodes.json, please use the TOML config file instead. 
INFO [07-11|12:12:03.214] Enabling recording of key preimages since archive mode is used 
INFO [07-11|12:12:03.215] Set global gas cap                       cap=25,000,000
INFO [07-11|12:12:03.215] Running with private transaction manager disabled - quorum private transactions will not be supported 
WARN [07-11|12:12:03.215] Sanitizing invalid miner gas price       provided=0 updated=0
INFO [07-11|12:12:03.215] Allocated trie memory caches             clean=154.00MiB dirty=256.00MiB
INFO [07-11|12:12:03.215] Allocated cache and file handles         database=/data/geth/chaindata cache=768.00MiB handles=262,144
INFO [07-11|12:12:03.282] Opened ancient database                  database=/data/geth/chaindata/ancient readonly=false
INFO [07-11|12:12:03.283] Initialised chain configuration          config="{ChainID: 1337 Homestead: 0 DAO: <nil> DAOSupport: false EIP150: 0 EIP155: 0 EIP158: 0 Byzantium: 0 IsQuorum: true Constantinople: 0 TransactionSizeLimit: 64 MaxCodeSize: 0 Petersburg: 0 Istanbul: 0, Muir Glacier: 0, Berlin: 10000000  Catalyst: <nil> YOLO v3: <nil> PrivacyEnhancements: <nil> PrivacyPrecompile: <nil> EnableGasPriceBlock: <nil> Engine: unknown}"
INFO [07-11|12:12:03.286] Initialising Ethereum protocol           network=1337 dbversion=<nil>
INFO [07-11|12:12:03.286] Initialising Quorum consensus protocol   name=istanbul versions="[100 99 64]" network=1337 dbversion=<nil>
INFO [07-11|12:12:03.287] Using SegregatedCacheProvider. 
INFO [07-11|12:12:03.288] Loaded most recent local header          number=0 hash=736d99..5e9f20 td=1 age=5y2w2d
INFO [07-11|12:12:03.288] Loaded most recent local full block      number=0 hash=736d99..5e9f20 td=1 age=5y2w2d
INFO [07-11|12:12:03.288] Loaded most recent local fast block      number=0 hash=736d99..5e9f20 td=1 age=5y2w2d
WARN [07-11|12:12:03.289] Failed to load snapshot, regenerating    err="missing or corrupted snapshot"
INFO [07-11|12:12:03.289] Rebuilding state snapshot 
INFO [07-11|12:12:03.289] Resuming state snapshot generation       root=d7d9af..f2e575 accounts=0 slots=0 storage=0.00B elapsed="440.683µs"
INFO [07-11|12:12:03.292] BFT: Initialising snap with extradata    validators="[0x93917cADBace5dFCE132B991732c6Cda9bcC5B8a 0x27A97C9AaF04f18f3014c32e036dD0Ac76Da5f18 0xcE412f988377e31F4d0fF12d74df73B51C42d0cA 0x98C1334496614aED49d2E81526D089f7264fED9C]"
INFO [07-11|12:12:03.292] Generated state snapshot                 accounts=11 slots=0 storage=544.00B elapsed=3.599ms
WARN [07-11|12:12:03.294] Error reading unclean shutdown markers   error="leveldb: not found"
WARN [07-11|12:12:03.294] permission-config.json file is missing. Smart-contract-based permission service will be disabled error="stat /data/permission-config.json: no such file or directory"
INFO [07-11|12:12:03.294] No plugins to initialise 
INFO [07-11|12:12:03.294] Starting peer-to-peer node               instance=Geth/f01bf528836c-qbft/v1.10.3-stable(quorum-v23.4.0)/linux-amd64/go1.19.7
INFO [07-11|12:12:03.320] IPC endpoint opened                      url=/data/geth.ipc isMultitenant=false
INFO [07-11|12:12:03.333] Security Plugin is not enabled 
INFO [07-11|12:12:03.335] Started P2P networking                   self="enode://8208a3f344695d44e9cf2c023683cbea7b9343e2f70a5e804bd2c93858e945f8f91439eef96a4ab6c47ff06637d6fbe6472f96de1655a1bee57ea896654f3a22@127.0.0.1:30303?discport=0"
INFO [07-11|12:12:03.339] HTTP server started                      endpoint=[::]:8545    prefix= cors=* vhosts=* isTls=false
INFO [07-11|12:12:03.339] Security: TLS not enabled                endpoint=0.0.0.0:8546 reason="no TLSConfigurationSource found"
INFO [07-11|12:12:03.339] WebSocket enabled                        url=ws://[::]:8546
WARN [07-11|12:12:03.340] full p2p peer                            id=27059b2392ab7830b38b2f4d27a97c9aaf04f18f3014c32e036dd0ac76da5f18 ethPeer="Peer 27059b2392ab7830 172.16.239.12:30303"
INFO [07-11|12:12:07.076] Unlocked account                         address=0xed9d02e382b34818e88B88a309c7fe71E65f419d
WARN [07-11|12:12:07.076] permission-config.json file is missing. Smart-contract-based permission service will be disabled error="stat /data/permission-config.json: no such file or directory"
INFO [07-11|12:12:07.077] Transaction pool price threshold not updated as gasPrice is not enabled 
INFO [07-11|12:12:07.077] Transaction pool price threshold not updated as gasPrice is not enabled 
INFO [07-11|12:12:07.077] start QBFT 
INFO [07-11|12:12:07.077] BFT: activate QBFT 
INFO [07-11|12:12:07.077] QBFT: start                              address=0x93917cADBace5dFCE132B991732c6Cda9bcC5B8a
INFO [07-11|12:12:07.077] QBFT: initialize new round               address=0x93917cADBace5dFCE132B991732c6Cda9bcC5B8a old.round=-1 old.seq=0 target.round=0 lastProposal.number=0 lastProposal.hash=736d99..5e9f20
INFO [07-11|12:12:07.077] QBFT: start new round                    address=0x93917cADBace5dFCE132B991732c6Cda9bcC5B8a old.round=-1 old.seq=0 next.round=0 next.seq=1 next.proposer=0x27A97C9AaF04f18f3014c32e036dD0Ac76Da5f18 next.valSet="[0x27A97C9AaF04f18f3014c32e036dD0Ac76Da5f18 0x93917cADBace5dFCE132B991732c6Cda9bcC5B8a 0x98C1334496614aED49d2E81526D089f7264fED9C 0xcE412f988377e31F4d0fF12d74df73B51C42d0cA]" next.size=4 next.IsProposer=false
INFO [07-11|12:12:07.126] QBFT: handle PREPARE message             address=0x93917cADBace5dFCE132B991732c6Cda9bcC5B8a current.round=0 current.sequence=1 state=Preprepared      msg.code=19 msg.source=0xcE412f988377e31F4d0fF12d74df73B51C42d0cA msg.round=0 msg.sequence=1 prepares.count=2 quorum=3
INFO [07-11|12:12:07.126] QBFT: received quorum of PREPARE messages address=0x93917cADBace5dFCE132B991732c6Cda9bcC5B8a current.round=0 current.sequence=1 state=Preprepared      msg.code=19 msg.source=0xcE412f988377e31F4d0fF12d74df73B51C42d0cA msg.round=0 msg.sequence=1 prepares.count=3 quorum=3
INFO [07-11|12:12:07.126] QBFT: changed state                      address=0x93917cADBace5dFCE132B991732c6Cda9bcC5B8a current.round=0 current.sequence=1 old.state=Preprepared      new.state=Prepared
INFO [07-11|12:12:07.126] QBFT: broadcast COMMIT message           address=0x93917cADBace5dFCE132B991732c6Cda9bcC5B8a current.round=0 current.sequence=1 state=Prepared         msg.code=20 msg.source=0x93917cADBace5dFCE132B991732c6Cda9bcC5B8a msg.round=0 msg.sequence=1 payload=0xf8abf8660180a0afbe5cc71c6bb574d753bfb3d956170adf8db4c3e2146458225f31e4a2466018b841b1c4a0d199bfb78abbd62de6578d6ddde46b305c9a1d563279c7acdff0eaceca29228ea3071d05fffade71b54a253aeb46c458af3e6a0a8f49582bf998bad74d01b841ccf9c9aadba16b22de732ec2301dda51a097d6f2d09a70b3ba89cfe01c01a5ab768b9f3da3b6a9c2c7d2fd24416ceaac7edbfe7485aaceaea5b18656aee1bf4700
INFO [07-11|12:12:07.128] QBFT: handle COMMIT message              address=0x93917cADBace5dFCE132B991732c6Cda9bcC5B8a current.round=0 current.sequence=1 state=Prepared         msg.code=20 msg.source=0x93917cADBace5dFCE132B991732c6Cda9bcC5B8a msg.round=0 msg.sequence=1 commits.count=0 quorum=3
INFO [07-11|12:12:07.129] QBFT: handle COMMIT message              address=0x93917cADBace5dFCE132B991732c6Cda9bcC5B8a current.round=0 current.sequence=1 state=Prepared         msg.code=20 msg.source=0xcE412f988377e31F4d0fF12d74df73B51C42d0cA msg.round=0 msg.sequence=1 commits.count=1 quorum=3
INFO [07-11|12:12:07.132] QBFT: handle COMMIT message              address=0x93917cADBace5dFCE132B991732c6Cda9bcC5B8a current.round=0 current.sequence=1 state=Prepared         msg.code=20 msg.source=0x27A97C9AaF04f18f3014c32e036dD0Ac76Da5f18 msg.round=0 msg.sequence=1 commits.count=2 quorum=3
INFO [07-11|12:12:07.132] QBFT: received quorum of COMMIT messages address=0x93917cADBace5dFCE132B991732c6Cda9bcC5B8a current.round=0 current.sequence=1 state=Prepared         msg.code=20 msg.source=0x27A97C9AaF04f18f3014c32e036dD0Ac76Da5f18 msg.round=0 msg.sequence=1 commits.count=3 quorum=3
INFO [07-11|12:12:07.132] QBFT: changed state                      address=0x93917cADBace5dFCE132B991732c6Cda9bcC5B8a current.round=0 current.sequence=1 old.state=Prepared         new.state=Committed
INFO [07-11|12:12:07.132] BFT: block proposal committed            author=0x93917cADBace5dFCE132B991732c6Cda9bcC5B8a hash=afbe5c..466018 number=1
