INFO [07-11|12:12:04.280] Maximum peer count                       ETH=50 LES=0 total=50
INFO [07-11|12:12:04.280] Smartcard socket not found, disabling    err="stat /run/pcscd/pcscd.comm: no such file or directory"
WARN [07-11|12:12:04.282] Found deprecated node list file /data/static-nodes.json, please use the TOML config file instead. 
INFO [07-11|12:12:04.283] Enabling recording of key preimages since archive mode is used 
INFO [07-11|12:12:04.283] Set global gas cap                       cap=25,000,000
INFO [07-11|12:12:04.283] Running with private transaction manager disabled - quorum private transactions will not be supported 
WARN [07-11|12:12:04.283] Sanitizing invalid miner gas price       provided=0 updated=0
INFO [07-11|12:12:04.283] Allocated trie memory caches             clean=154.00MiB dirty=256.00MiB
INFO [07-11|12:12:04.284] Allocated cache and file handles         database=/data/geth/chaindata cache=768.00MiB handles=262,144
INFO [07-11|12:12:04.445] Opened ancient database                  database=/data/geth/chaindata/ancient readonly=false
INFO [07-11|12:12:04.447] Initialised chain configuration          config="{ChainID: 1337 Homestead: 0 DAO: <nil> DAOSupport: false EIP150: 0 EIP155: 0 EIP158: 0 Byzantium: 0 IsQuorum: true Constantinople: 0 TransactionSizeLimit: 64 MaxCodeSize: 0 Petersburg: 0 Istanbul: 0, Muir Glacier: 0, Berlin: 10000000  Catalyst: <nil> YOLO v3: <nil> PrivacyEnhancements: <nil> PrivacyPrecompile: <nil> EnableGasPriceBlock: <nil> Engine: unknown}"
INFO [07-11|12:12:04.448] Initialising Ethereum protocol           network=1337 dbversion=<nil>
INFO [07-11|12:12:04.448] Initialising Quorum consensus protocol   name=istanbul versions="[100 99 64]" network=1337 dbversion=<nil>
INFO [07-11|12:12:04.449] Using SegregatedCacheProvider. 
INFO [07-11|12:12:04.450] Loaded most recent local header          number=0 hash=736d99..5e9f20 td=1 age=5y2w2d
INFO [07-11|12:12:04.451] Loaded most recent local full block      number=0 hash=736d99..5e9f20 td=1 age=5y2w2d
INFO [07-11|12:12:04.451] Loaded most recent local fast block      number=0 hash=736d99..5e9f20 td=1 age=5y2w2d
WARN [07-11|12:12:04.451] Failed to load snapshot, regenerating    err="missing or corrupted snapshot"
INFO [07-11|12:12:04.451] Rebuilding state snapshot 
INFO [07-11|12:12:04.453] Generated state snapshot                 accounts=11 slots=0 storage=544.00B elapsed=1.796ms
INFO [07-11|12:12:04.454] Regenerated local transaction journal    transactions=0 accounts=0
INFO [07-11|12:12:04.454] BFT: Initialising snap with extradata    validators="[0x93917cADBace5dFCE132B991732c6Cda9bcC5B8a 0x27A97C9AaF04f18f3014c32e036dD0Ac76Da5f18 0xcE412f988377e31F4d0fF12d74df73B51C42d0cA 0x98C1334496614aED49d2E81526D089f7264fED9C]"
WARN [07-11|12:12:04.456] Error reading unclean shutdown markers   error="leveldb: not found"
WARN [07-11|12:12:04.456] permission-config.json file is missing. Smart-contract-based permission service will be disabled error="stat /data/permission-config.json: no such file or directory"
INFO [07-11|12:12:04.456] No plugins to initialise 
INFO [07-11|12:12:04.456] Starting peer-to-peer node               instance=Geth/1794a158f910-qbft/v1.10.3-stable(quorum-v23.4.0)/linux-amd64/go1.19.7
INFO [07-11|12:12:04.526] New local node record                    seq=1 id=133b4f32d7750cdf ip=127.0.0.1 udp=0 tcp=30303
INFO [07-11|12:12:04.526] Started P2P networking                   self="enode://86fcc16f4730fbfd238dc17ea552854c0943923bb1d5e886e5601b8d884fb0519060e0023f495dd24ffe60a65660fb7fdcdebfceedd2b3673dfa63658825924b@127.0.0.1:30303?discport=0"
INFO [07-11|12:12:04.526] IPC endpoint opened                      url=/data/geth.ipc isMultitenant=false
INFO [07-11|12:12:04.527] Security Plugin is not enabled 
INFO [07-11|12:12:04.532] Security: TLS not enabled                endpoint=0.0.0.0:8545 reason="no TLSConfigurationSource found"
WARN [07-11|12:12:04.621] full p2p peer                            id=c8f776c1d83d4fddd02782c698c1334496614aed49d2e81526d089f7264fed9c ethPeer="Peer c8f776c1d83d4fdd 172.16.239.14:30303"
INFO [07-11|12:12:07.137] Imported new chain segment               blocks=1 txs=0 mgas=0.000 elapsed=1.839ms     mgasps=0.000 number=1 hash=afbe5c..466018 dirty=0.00B
WARN [07-11|12:12:08.043] permission-config.json file is missing. Smart-contract-based permission service will be disabled error="stat /data/permission-config.json: no such file or directory"
INFO [07-11|12:12:08.043] Transaction pool price threshold not updated as gasPrice is not enabled 
INFO [07-11|12:12:08.043] Transaction pool price threshold not updated as gasPrice is not enabled 
INFO [07-11|12:12:08.043] start QBFT 
INFO [07-11|12:12:08.043] BFT: activate QBFT 
INFO [07-11|12:12:08.043] QBFT: start                              address=0xDF8b560be949C229C821731554C33EAD5E3888A4
INFO [07-11|12:12:08.043] QBFT: initialize new round               address=0xDF8b560be949C229C821731554C33EAD5E3888A4 old.round=-1 old.seq=0 target.round=0 lastProposal.number=1 lastProposal.hash=afbe5c..466018
INFO [07-11|12:12:08.043] QBFT: start new round                    address=0xDF8b560be949C229C821731554C33EAD5E3888A4 old.round=-1 old.seq=0 next.round=0 next.seq=2 next.proposer=0x93917cADBace5dFCE132B991732c6Cda9bcC5B8a next.valSet="[0x27A97C9AaF04f18f3014c32e036dD0Ac76Da5f18 0x93917cADBace5dFCE132B991732c6Cda9bcC5B8a 0x98C1334496614aED49d2E81526D089f7264fED9C 0xcE412f988377e31F4d0fF12d74df73B51C42d0cA]" next.size=4 next.IsProposer=false
INFO [07-11|12:12:11.162] Persisted the clean trie cache           path=/data/geth/triecache elapsed=4.278ms
INFO [07-11|12:12:11.162] Blockchain stopped 
