INFO [07-11|12:12:02.967] Opened ancient database                  database=/data/geth/chaindata/ancient readonly=false
INFO [07-11|12:12:02.968] Initialised chain configuration          config="{ChainID: 1337 Homestead: 0 DAO: <nil> DAOSupport: false EIP150: 0 EIP155: 0 EIP158: 0 Byzantium: 0 IsQuorum: true Constantinople: 0 TransactionSizeLimit: 64 MaxCodeSize: 0 Petersburg: 0 Istanbul: 0, Muir Glacier: 0, Berlin: 10000000  Catalyst: <nil> YOLO v3: <nil> PrivacyEnhancements: <nil> PrivacyPrecompile: <nil> EnableGasPriceBlock: <nil> Engine: unknown}"
INFO [07-11|12:12:02.970] Initialising Ethereum protocol           network=1337 dbversion=<nil>
INFO [07-11|12:12:02.970] Initialising Quorum consensus protocol   name=istanbul versions="[100 99 64]" network=1337 dbversion=<nil>
INFO [07-11|12:12:02.971] Using SegregatedCacheProvider. 
INFO [07-11|12:12:02.971] Loaded most recent local header          number=0 hash=736d99..5e9f20 td=1 age=5y2w2d
INFO [07-11|12:12:02.972] Loaded most recent local full block      number=0 hash=736d99..5e9f20 td=1 age=5y2w2d
INFO [07-11|12:12:02.972] Loaded most recent local fast block      number=0 hash=736d99..5e9f20 td=1 age=5y2w2d
WARN [07-11|12:12:02.972] Failed to load snapshot, regenerating    err="missing or corrupted snapshot"
INFO [07-11|12:12:02.972] Rebuilding state snapshot 
INFO [07-11|12:12:02.973] Resuming state snapshot generation       root=d7d9af..f2e575 accounts=0 slots=0 storage=0.00B elapsed="438.053µs"
INFO [07-11|12:12:02.974] Generated state snapshot                 accounts=11 slots=0 storage=544.00B elapsed=1.971ms
INFO [07-11|12:12:02.973] Regenerated local transaction journal    transactions=0 accounts=0
INFO [07-11|12:12:02.976] BFT: Initialising snap with extradata    validators="[0x93917cADBace5dFCE132B991732c6Cda9bcC5B8a 0x27A97C9AaF04f18f3014c32e036dD0Ac76Da5f18 0xcE412f988377e31F4d0fF12d74df73B51C42d0cA 0x98C1334496614aED49d2E81526D089f7264fED9C]"
WARN [07-11|12:12:02.976] Error reading unclean shutdown markers   error="leveldb: not found"
WARN [07-11|12:12:02.977] permission-config.json file is missing. Smart-contract-based permission service will be disabled error="stat /data/permission-config.json: no such file or directory"
INFO [07-11|12:12:02.977] No plugins to initialise 
INFO [07-11|12:12:02.977] Starting peer-to-peer node               instance=Geth/85fc92512c30-qbft/v1.10.3-stable(quorum-v23.4.0)/linux-amd64/go1.19.7
INFO [07-11|12:12:03.041] New local node record                    seq=1 id=2a2fe7f9e880372c ip=127.0.0.1 udp=0 tcp=30303
INFO [07-11|12:12:03.042] Started P2P networking                   self="enode://59cf0c623c582fa9b19bdf70fb6bade07f4ae32218dd4d1c7e2c7e65acf87da45cf2ab55d16d27360aafef17622c37c09db60d7680ebcc17b78867f4c05bcaa4@127.0.0.1:30303?discport=0"
INFO [07-11|12:12:03.044] IPC endpoint opened                      url=/data/geth.ipc isMultitenant=false
INFO [07-11|12:12:03.044] Security Plugin is not enabled 
INFO [07-11|12:12:03.046] Security: TLS not enabled                endpoint=0.0.0.0:8545 reason="no TLSConfigurationSource found"
INFO [07-11|12:12:03.046] HTTP server started                      endpoint=[::]:8545    prefix= cors=* vhosts=* isTls=false
INFO [07-11|12:12:03.046] Security: TLS not enabled                endpoint=0.0.0.0:8546 reason="no TLSConfigurationSource found"
INFO [07-11|12:12:03.046] WebSocket enabled                        url=ws://[::]:8546
WARN [07-11|12:12:03.081] full p2p peer                            id=27059b2392ab7830b38b2f4d27a97c9aaf04f18f3014c32e036dd0ac76da5f18 ethPeer="Peer 27059b2392ab7830 172.16.239.12:30303"
WARN [07-11|12:12:03.353] full p2p peer                            id=58e94810eeee14c28613b47e93917cadbace5dfce132b991732c6cda9bcc5b8a ethPeer="Peer 58e94810eeee14c2 172.16.239.11:54522"
INFO [07-11|12:12:07.045] Unlocked account                         address=0x0886328869e4e1F401E1052a5F4aaE8B45f42610
WARN [07-11|12:12:07.046] permission-config.json file is missing. Smart-contract-based permission service will be disabled error="stat /data/permission-config.json: no such file or directory"
INFO [07-11|12:12:07.046] Transaction pool price threshold not updated as gasPrice is not enabled 
INFO [07-11|12:12:07.046] Transaction pool price threshold not updated as gasPrice is not enabled 
INFO [07-11|12:12:07.046] start QBFT 
INFO [07-11|12:12:07.046] BFT: activate QBFT 
INFO [07-11|12:12:07.046] QBFT: start                              address=0xcE412f988377e31F4d0fF12d74df73B51C42d0cA
INFO [07-11|12:12:07.046] QBFT: initialize new round               address=0xcE412f988377e31F4d0fF12d74df73B51C42d0cA old.round=-1 old.seq=0 target.round=0 lastProposal.number=0 lastProposal.hash=736d99..5e9f20
INFO [07-11|12:12:07.046] QBFT: start new round                    address=0xcE412f988377e31F4d0fF12d74df73B51C42d0cA old.round=-1 old.seq=0 next.round=0 next.seq=1 next.proposer=0x27A97C9AaF04f18f3014c32e036dD0Ac76Da5f18 next.valSet="[0x27A97C9AaF04f18f3014c32e036dD0Ac76Da5f18 0x93917cADBace5dFCE132B991732c6Cda9bcC5B8a 0x98C1334496614aED49d2E81526D089f7264fED9C 0xcE412f988377e31F4d0fF12d74df73B51C42d0cA]" next.size=4 next.IsProposer=false
INFO [07-11|12:12:07.046] Commit new mining work                   number=1 sealhash=a07b30..d9e214 uncles=0 txs=0 gas=0 fees=0 elapsed="216.531µs"
INFO [07-11|12:12:07.047] QBFT: handle block proposal request      address=0xcE412f988377e31F4d0fF12d74df73B51C42d0cA current.round=0 current.sequence=1 state="Accept request"
INFO [07-11|12:12:07.119] QBFT: handle PRE-PREPARE message         address=0xcE412f988377e31F4d0fF12d74df73B51C42d0cA
INFO [07-11|12:12:07.119] QBFT: accepted PRE-PREPARE message       address=0xcE412f988377e31F4d0fF12d74df73B51C42d0cA
INFO [07-11|12:12:07.119] QBFT: changed state                      address=0xcE412f988377e31F4d0fF12d74df73B51C42d0cA current.round=0 current.sequence=1 old.state="Accept request" new.state=Preprepared
INFO [07-11|12:12:07.120] QBFT: broadcast PREPARE message          address=0xcE412f988377e31F4d0fF12d74df73B51C42d0cA current.round=0 current.sequence=1 state=Preprepared      msg.code=19 msg.source=0xcE412f988377e31F4d0fF12d74df73B51C42d0cA msg.round=0 msg.sequence=1 payload=0xf867e30180a0afbe5cc71c6bb574d753bfb3d956170adf8db4c3e2146458225f31e4a2466018b841d1c03fb5e5a9e2d9c3e3bf57a551147ddca51202f9ba1793858d6884aef425576dd61738896a3730d8ee7d0c3d075053016fb951a107bf48302eb26e8e49bef501
INFO [07-11|12:12:07.121] QBFT: handle PREPARE message             address=0xcE412f988377e31F4d0fF12d74df73B51C42d0cA current.round=0 current.sequence=1 state=Preprepared      msg.code=19 msg.source=0x27A97C9AaF04f18f3014c32e036dD0Ac76Da5f18 msg.round=0 msg.sequence=1 prepares.count=0 quorum=3
INFO [07-11|12:12:07.124] QBFT: handle PREPARE message             address=0xcE412f988377e31F4d0fF12d74df73B51C42d0cA current.round=0 current.sequence=1 state=Preprepared      msg.code=19 msg.source=0xcE412f988377e31F4d0fF12d74df73B51C42d0cA msg.round=0 msg.sequence=1 prepares.count=1 quorum=3
INFO [07-11|12:12:07.124] QBFT: handle PREPARE message             address=0xcE412f988377e31F4d0fF12d74df73B51C42d0cA current.round=0 current.sequence=1 state=Preprepared      msg.code=19 msg.source=0x93917cADBace5dFCE132B991732c6Cda9bcC5B8a msg.round=0 msg.sequence=1 prepares.count=2 quorum=3
INFO [07-11|12:12:07.124] QBFT: received quorum of PREPARE messages address=0xcE412f988377e31F4d0fF12d74df73B51C42d0cA current.round=0 current.sequence=1 state=Preprepared      msg.code=19 msg.source=0x93917cADBace5dFCE132B991732c6Cda9bcC5B8a msg.round=0 msg.sequence=1 prepares.count=3 quorum=3
INFO [07-11|12:12:07.124] QBFT: changed state                      address=0xcE412f988377e31F4d0fF12d74df73B51C42d0cA current.round=0 current.sequence=1 old.state=Preprepared      new.state=Prepared
INFO [07-11|12:12:07.125] QBFT: broadcast COMMIT message           address=0xcE412f988377e31F4d0fF12d74df73B51C42d0cA current.round=0 current.sequence=1 state=Prepared         msg.code=20 msg.source=0xcE412f988377e31F4d0fF12d74df73B51C42d0cA msg.round=0 msg.sequence=1 payload=0xf8abf8660180a0afbe5cc71c6bb574d753bfb3d956170adf8db4c3e2146458225f31e4a2466018b841f4520da3011bc866e2b978acefd44ffa81c35b61dc7deba56a9bd539bda4b02d66e9e87b2a00a08e6f1219495258d8018b158ee20d10e08ffe42ee7fdd04b89000b8418d3240ce673d5d8aaa9d8e7f2fd676b6ff93c28294fc1f52b583907f61a0981c097ac24413af8831cb43d48177384b02d4681b26f2af68889fa26eec6613e67400
INFO [07-11|12:12:07.126] QBFT: handle COMMIT message              address=0xcE412f988377e31F4d0fF12d74df73B51C42d0cA current.round=0 current.sequence=1 state=Prepared         msg.code=20 msg.source=0xcE412f988377e31F4d0fF12d74df73B51C42d0cA msg.round=0 msg.sequence=1 commits.count=0 quorum=3
INFO [07-11|12:12:07.130] QBFT: handle COMMIT message              address=0xcE412f988377e31F4d0fF12d74df73B51C42d0cA current.round=0 current.sequence=1 state=Prepared         msg.code=20 msg.source=0x93917cADBace5dFCE132B991732c6Cda9bcC5B8a msg.round=0 msg.sequence=1 commits.count=1 quorum=3
INFO [07-11|12:12:07.131] QBFT: handle COMMIT message              address=0xcE412f988377e31F4d0fF12d74df73B51C42d0cA current.round=0 current.sequence=1 state=Prepared         msg.code=20 msg.source=0x27A97C9AaF04f18f3014c32e036dD0Ac76Da5f18 msg.round=0 msg.sequence=1 commits.count=2 quorum=3
INFO [07-11|12:12:07.131] QBFT: received quorum of COMMIT messages address=0xcE412f988377e31F4d0fF12d74df73B51C42d0cA current.round=0 current.sequence=1 state=Prepared         msg.code=20 msg.source=0x27A97C9AaF04f18f3014c32e036dD0Ac76Da5f18 msg.round=0 msg.sequence=1 commits.count=3 quorum=3
INFO [07-11|12:12:07.131] QBFT: changed state                      address=0xcE412f988377e31F4d0fF12d74df73B51C42d0cA current.round=0 current.sequence=1 old.state=Prepared         new.state=Committed
INFO [07-11|12:12:07.131] BFT: block proposal committed            author=0xcE412f988377e31F4d0fF12d74df73B51C42d0cA hash=afbe5c..466018 number=1
INFO [07-11|12:12:07.145] Imported new chain segment               blocks=1 txs=0 mgas=0.000 elapsed=11.365ms    mgasps=0.000 number=1 hash=afbe5c..466018 dirty=0.00B
INFO [07-11|12:12:07.146] Commit new mining work                   number=2 sealhash=ee5bd4..0e8469 uncles=0 txs=0 gas=0 fees=0 elapsed="478.771µs"
INFO [07-11|12:12:07.150] QBFT: handle final committed             address=0xcE412f988377e31F4d0fF12d74df73B51C42d0cA current.round=0 current.sequence=1 state=Committed
INFO [07-11|12:12:07.151] QBFT: initialize new round               address=0xcE412f988377e31F4d0fF12d74df73B51C42d0cA current.round=0 current.sequence=1 target.round=0 lastProposal.number=1 lastProposal.hash=afbe5c..466018
INFO [07-11|12:12:07.151] QBFT: changed state                      address=0xcE412f988377e31F4d0fF12d74df73B51C42d0cA current.round=0 current.sequence=2 old.state=Committed        new.state="Accept request"
INFO [07-11|12:12:07.151] QBFT: start new round                    address=0xcE412f988377e31F4d0fF12d74df73B51C42d0cA old.round=0  old.sequence=1 old.state=Committed        old.proposer=0x27A97C9AaF04f18f3014c32e036dD0Ac76Da5f18 next.round=0 next.seq=2 next.proposer=0x93917cADBace5dFCE132B991732c6Cda9bcC5B8a next.valSet="[0x27A97C9AaF04f18f3014c32e036dD0Ac76Da5f18 0x93917cADBace5dFCE132B991732c6Cda9bcC5B8a 0x98C1334496614aED49d2E81526D089f7264fED9C 0xcE412f988377e31F4d0fF12d74df73B51C42d0cA]" next.size=4 next.IsProposer=false
INFO [07-11|12:12:10.450] Got interrupt, shutting down... 
INFO [07-11|12:12:10.451] HTTP server stopped                      endpoint=[::]:8545
INFO [07-11|12:12:10.451] HTTP server stopped                      endpoint=[::]:8546
INFO [07-11|12:12:10.451] IPC endpoint closed                      url=/data/geth.ipc
INFO [07-11|12:12:10.451] Stopping all plugins                     count=0
INFO [07-11|12:12:10.451] All plugins stopped                      errors=[]
INFO [07-11|12:12:10.452] Ethereum protocol stopped 
INFO [07-11|12:12:10.452] Transaction pool stopped 
INFO [07-11|12:12:10.452] BFT: deactivate 
INFO [07-11|12:12:10.452] QBFT: stopping...                        address=0xcE412f988377e31F4d0fF12d74df73B51C42d0cA
INFO [07-11|12:12:10.452] Writing cached state to disk             block=1 hash=afbe5c..466018 root=d7d9af..f2e575
INFO [07-11|12:12:10.452] Persisted trie from memory database      nodes=0 size=0.00B time="7.903µs" gcnodes=0 gcsize=0.00B gctime=0s livenodes=1 livesize=0.00B
INFO [07-11|12:12:10.452] Writing snapshot state to disk           root=d7d9af..f2e575
INFO [07-11|12:12:10.452] Persisted trie from memory database      nodes=0 size=0.00B time="3.71µs"  gcnodes=0 gcsize=0.00B gctime=0s livenodes=1 livesize=0.00B
INFO [07-11|12:12:10.453] Writing clean trie cache to disk         path=/data/geth/triecache threads=4
INFO [07-11|12:12:10.455] QBFT: stopped                            address=0xcE412f988377e31F4d0fF12d74df73B51C42d0cA
INFO [07-11|12:12:10.455] Persisted the clean trie cache           path=/data/geth/triecache elapsed=2.612ms
INFO [07-11|12:12:10.455] Blockchain stopped 
