INFO [07-11|12:12:02.585] Allocated cache and file handles         database=/data/geth/chaindata cache=768.00MiB handles=262,144
WARN [07-11|12:12:03.871] full p2p peer                            id=c8f776c1d83d4fddd02782c698c1334496614aed49d2e81526d089f7264fed9c ethPeer="Peer c8f776c1d83d4fdd 172.16.239.14:56614"
INFO [07-11|12:12:07.144] Commit new mining work                   number=2 sealhash=16b5b0..b72998 uncles=0 txs=0 gas=0 fees=0 elapsed="364.474µs"
INFO [07-11|12:12:07.144] QBFT: handle final committed             address=0x27A97C9AaF04f18f3014c32e036dD0Ac76Da5f18 current.round=0 current.sequence=1 state=Committed
INFO [07-11|12:12:07.144] QBFT: initialize new round               address=0x27A97C9AaF04f18f3014c32e036dD0Ac76Da5f18 current.round=0 current.sequence=1 target.round=0 lastProposal.number=1 lastProposal.hash=afbe5c..466018
INFO [07-11|12:12:07.144] QBFT: changed state                      address=0x27A97C9AaF04f18f3014c32e036dD0Ac76Da5f18 current.round=0 current.sequence=2 old.state=Committed        new.state="Accept request"
INFO [07-11|12:12:07.144] QBFT: start new round                    address=0x27A97C9AaF04f18f3014c32e036dD0Ac76Da5f18 old.round=0  old.sequence=1 old.state=Committed        old.proposer=0x27A97C9AaF04f18f3014c32e036dD0Ac76Da5f18 next.round=0 next.seq=2 next.proposer=0x93917cADBace5dFCE132B991732c6Cda9bcC5B8a next.valSet="[0x27A97C9AaF04f18f3014c32e036dD0Ac76Da5f18 0x93917cADBace5dFCE132B991732c6Cda9bcC5B8a 0x98C1334496614aED49d2E81526D089f7264fED9C 0xcE412f988377e31F4d0fF12d74df73B51C42d0cA]" next.size=4 next.IsProposer=false
INFO [07-11|12:12:10.436] Got interrupt, shutting down... 
INFO [07-11|12:12:10.436] HTTP server stopped                      endpoint=[::]:8545
INFO [07-11|12:12:10.436] HTTP server stopped                      endpoint=[::]:8546
INFO [07-11|12:12:10.436] IPC endpoint closed                      url=/data/geth.ipc
INFO [07-11|12:12:10.436] Stopping all plugins                     count=0
INFO [07-11|12:12:10.437] All plugins stopped                      errors=[]
INFO [07-11|12:12:10.437] Ethereum protocol stopped 
INFO [07-11|12:12:10.439] Transaction pool stopped 
INFO [07-11|12:12:10.439] BFT: deactivate 
INFO [07-11|12:12:10.439] QBFT: stopping...                        address=0x27A97C9AaF04f18f3014c32e036dD0Ac76Da5f18
INFO [07-11|12:12:10.439] Writing cached state to disk             block=1 hash=afbe5c..466018 root=d7d9af..f2e575
INFO [07-11|12:12:10.439] Persisted trie from memory database      nodes=0 size=0.00B time="5.376µs" gcnodes=0 gcsize=0.00B gctime=0s livenodes=1 livesize=0.00B
INFO [07-11|12:12:10.440] QBFT: stopped                            address=0x27A97C9AaF04f18f3014c32e036dD0Ac76Da5f18
INFO [07-11|12:12:10.440] Writing snapshot state to disk           root=d7d9af..f2e575
INFO [07-11|12:12:10.440] Persisted trie from memory database      nodes=0 size=0.00B time="4.525µs" gcnodes=0 gcsize=0.00B gctime=0s livenodes=1 livesize=0.00B
INFO [07-11|12:12:10.440] Writing clean trie cache to disk         path=/data/geth/triecache threads=4
INFO [07-11|12:12:10.442] Persisted the clean trie cache           path=/data/geth/triecache elapsed=2.561ms
INFO [07-11|12:12:10.442] Blockchain stopped 
